<?xml version="1.0" encoding="UTF-8"?>
<!-- Generated by org.testng.reporters.JUnitReportReporter -->
<testsuite hostname="DESKTOP-B2FLU8A" failures="0" tests="1" name="com.PetStore.LogInTest" time="28.836" errors="0" timestamp="2024-01-17T15:56:56 IST" skipped="0">
  <testcase classname="com.PetStore.LogInTest" name="logInwithValidDetails" time="28.836"/>
</testsuite> <!-- com.PetStore.LogInTest -->
