<?xml version="1.0" encoding="UTF-8"?>
<!-- Generated by org.testng.reporters.JUnitReportReporter -->
<testsuite hostname="DESKTOP-B2FLU8A" failures="0" tests="1" name="com.PetStore.PetTest" time="15.237" errors="0" timestamp="2024-01-17T18:21:13 IST" skipped="0">
  <testcase classname="com.PetStore.PetTest" name="createPet" time="15.237"/>
</testsuite> <!-- com.PetStore.PetTest -->
